# JRE version: Java(TM) SE Runtime Environment (7.0_45-b18) (build 1.7.0_45-b18)
# Java VM: Java HotSpot(TM) 64-Bit Server VM (24.45-b08 mixed mode bsd-amd64 compressed oops)
Heap
 PSYoungGen      total 38912K, used 14924K [0x00000007d5500000, 0x00000007d8000000, 0x0000000800000000)
  eden space 33792K, 38% used [0x00000007d5500000,0x00000007d618b200,0x00000007d7600000)
  from space 5120K, 40% used [0x00000007d7b00000,0x00000007d7d08020,0x00000007d8000000)
  to   space 5120K, 0% used [0x00000007d7600000,0x00000007d7600000,0x00000007d7b00000)
 ParOldGen       total 87040K, used 58434K [0x0000000780000000, 0x0000000785500000, 0x00000007d5500000)
  object space 87040K, 67% used [0x0000000780000000,0x0000000783910a30,0x0000000785500000)
 PSPermGen       total 21504K, used 6665K [0x000000077ae00000, 0x000000077c300000, 0x0000000780000000)
  object space 21504K, 30% used [0x000000077ae00000,0x000000077b482700,0x000000077c300000)
GC Heap History (4 events):
Event: 2.200 GC heap before
{Heap before GC invocations=1 (full 0):
 PSYoungGen      total 38912K, used 32768K [0x00000007d5500000, 0x00000007d8000000, 0x0000000800000000)
  eden space 33792K, 96% used [0x00000007d5500000,0x00000007d7500290,0x00000007d7600000)
  from space 5120K, 0% used [0x00000007d7b00000,0x00000007d7b00000,0x00000007d8000000)
  to   space 5120K, 0% used [0x00000007d7600000,0x00000007d7600000,0x00000007d7b00000)
 ParOldGen       total 87040K, used 0K [0x0000000780000000, 0x0000000785500000, 0x00000007d5500000)
  object space 87040K, 0% used [0x0000000780000000,0x0000000780000000,0x0000000785500000)
 PSPermGen       total 21504K, used 6575K [0x000000077ae00000, 0x000000077c300000, 0x0000000780000000)
  object space 21504K, 30% used [0x000000077ae00000,0x000000077b46bde0,0x000000077c300000)
Event: 2.208 GC heap after
Heap after GC invocations=1 (full 0):
 PSYoungGen      total 38912K, used 3530K [0x00000007d5500000, 0x00000007d8000000, 0x0000000800000000)
  eden space 33792K, 0% used [0x00000007d5500000,0x00000007d5500000,0x00000007d7600000)
  from space 5120K, 68% used [0x00000007d7600000,0x00000007d79729f8,0x00000007d7b00000)
  to   space 5120K, 0% used [0x00000007d7b00000,0x00000007d7b00000,0x00000007d8000000)
 ParOldGen       total 87040K, used 40K [0x0000000780000000, 0x0000000785500000, 0x00000007d5500000)
  object space 87040K, 0% used [0x0000000780000000,0x000000078000a010,0x0000000785500000)
 PSPermGen       total 21504K, used 6575K [0x000000077ae00000, 0x000000077c300000, 0x0000000780000000)
  object space 21504K, 30% used [0x000000077ae00000,0x000000077b46bde0,0x000000077c300000)
}
Event: 3.858 GC heap before
{Heap before GC invocations=2 (full 0):
 PSYoungGen      total 38912K, used 37322K [0x00000007d5500000, 0x00000007d8000000, 0x0000000800000000)
  eden space 33792K, 100% used [0x00000007d5500000,0x00000007d7600000,0x00000007d7600000)
  from space 5120K, 68% used [0x00000007d7600000,0x00000007d79729f8,0x00000007d7b00000)
  to   space 5120K, 0% used [0x00000007d7b00000,0x00000007d7b00000,0x00000007d8000000)
 ParOldGen       total 87040K, used 58426K [0x0000000780000000, 0x0000000785500000, 0x00000007d5500000)
  object space 87040K, 67% used [0x0000000780000000,0x000000078390ea30,0x0000000785500000)
 PSPermGen       total 21504K, used 6645K [0x000000077ae00000, 0x000000077c300000, 0x0000000780000000)
  object space 21504K, 30% used [0x000000077ae00000,0x000000077b47d418,0x000000077c300000)
Event: 3.862 GC heap after
Heap after GC invocations=2 (full 0):
 PSYoungGen      total 38912K, used 2080K [0x00000007d5500000, 0x00000007d8000000, 0x0000000800000000)
  eden space 33792K, 0% used [0x00000007d5500000,0x00000007d5500000,0x00000007d7600000)
  from space 5120K, 40% used [0x00000007d7b00000,0x00000007d7d08020,0x00000007d8000000)
  to   space 5120K, 0% used [0x00000007d7600000,0x00000007d7600000,0x00000007d7b00000)
 ParOldGen       total 87040K, used 58434K [0x0000000780000000, 0x0000000785500000, 0x00000007d5500000)
  object space 87040K, 67% used [0x0000000780000000,0x0000000783910a30,0x0000000785500000)
 PSPermGen       total 21504K, used 6645K [0x000000077ae00000, 0x000000077c300000, 0x0000000780000000)
  object space 21504K, 30% used [0x000000077ae00000,0x000000077b47d418,0x000000077c300000)
}

