# JRE version: Java(TM) SE Runtime Environment (7.0_45-b18) (build 1.7.0_45-b18)
# Java VM: Java HotSpot(TM) 64-Bit Server VM (24.45-b08 mixed mode bsd-amd64 compressed oops)
Heap
 PSYoungGen      total 88064K, used 50079K [0x00000007d5500000, 0x00000007de880000, 0x0000000800000000)
  eden space 43520K, 32% used [0x00000007d5500000,0x00000007d62dff68,0x00000007d7f80000)
  from space 44544K, 80% used [0x00000007d7f80000,0x00000007da288000,0x00000007dab00000)
  to   space 49152K, 0% used [0x00000007db880000,0x00000007db880000,0x00000007de880000)
 ParOldGen       total 112128K, used 43305K [0x0000000780000000, 0x0000000786d80000, 0x00000007d5500000)
  object space 112128K, 38% used [0x0000000780000000,0x0000000782a4a5b0,0x0000000786d80000)
 PSPermGen       total 21504K, used 6700K [0x000000077ae00000, 0x000000077c300000, 0x0000000780000000)
  object space 21504K, 31% used [0x000000077ae00000,0x000000077b48b268,0x000000077c300000)
GC Heap History (10 events):
Event: 19.056 GC heap before
{Heap before GC invocations=6 (full 1):
 PSYoungGen      total 38912K, used 33792K [0x00000007d5500000, 0x00000007d8000000, 0x0000000800000000)
  eden space 33792K, 100% used [0x00000007d5500000,0x00000007d7600000,0x00000007d7600000)
  from space 5120K, 0% used [0x00000007d7b00000,0x00000007d7b00000,0x00000007d8000000)
  to   space 5120K, 0% used [0x00000007d7600000,0x00000007d7600000,0x00000007d7b00000)
 ParOldGen       total 112128K, used 24625K [0x0000000780000000, 0x0000000786d80000, 0x00000007d5500000)
  object space 112128K, 21% used [0x0000000780000000,0x000000078180c5b0,0x0000000786d80000)
 PSPermGen       total 21504K, used 6667K [0x000000077ae00000, 0x000000077c300000, 0x0000000780000000)
  object space 21504K, 31% used [0x000000077ae00000,0x000000077b482ea0,0x000000077c300000)
Event: 19.094 GC heap after
Heap after GC invocations=6 (full 1):
 PSYoungGen      total 38912K, used 5120K [0x00000007d5500000, 0x00000007db880000, 0x0000000800000000)
  eden space 33792K, 0% used [0x00000007d5500000,0x00000007d5500000,0x00000007d7600000)
  from space 5120K, 100% used [0x00000007d7600000,0x00000007d7b00000,0x00000007d7b00000)
  to   space 29696K, 0% used [0x00000007d9b80000,0x00000007d9b80000,0x00000007db880000)
 ParOldGen       total 112128K, used 43305K [0x0000000780000000, 0x0000000786d80000, 0x00000007d5500000)
  object space 112128K, 38% used [0x0000000780000000,0x0000000782a4a5b0,0x0000000786d80000)
 PSPermGen       total 21504K, used 6667K [0x000000077ae00000, 0x000000077c300000, 0x0000000780000000)
  object space 21504K, 31% used [0x000000077ae00000,0x000000077b482ea0,0x000000077c300000)
}
Event: 25.874 GC heap before
{Heap before GC invocations=7 (full 1):
 PSYoungGen      total 38912K, used 38912K [0x00000007d5500000, 0x00000007db880000, 0x0000000800000000)
  eden space 33792K, 100% used [0x00000007d5500000,0x00000007d7600000,0x00000007d7600000)
  from space 5120K, 100% used [0x00000007d7600000,0x00000007d7b00000,0x00000007d7b00000)
  to   space 29696K, 0% used [0x00000007d9b80000,0x00000007d9b80000,0x00000007db880000)
 ParOldGen       total 112128K, used 43305K [0x0000000780000000, 0x0000000786d80000, 0x00000007d5500000)
  object space 112128K, 38% used [0x0000000780000000,0x0000000782a4a5b0,0x0000000786d80000)
 PSPermGen       total 21504K, used 6672K [0x000000077ae00000, 0x000000077c300000, 0x0000000780000000)
  object space 21504K, 31% used [0x000000077ae00000,0x000000077b484370,0x000000077c300000)
Event: 25.932 GC heap after
Heap after GC invocations=7 (full 1):
 PSYoungGen      total 65024K, used 28960K [0x00000007d5500000, 0x00000007dc800000, 0x0000000800000000)
  eden space 35328K, 0% used [0x00000007d5500000,0x00000007d5500000,0x00000007d7780000)
  from space 29696K, 97% used [0x00000007d9b80000,0x00000007db7c8000,0x00000007db880000)
  to   space 36864K, 0% used [0x00000007d7780000,0x00000007d7780000,0x00000007d9b80000)
 ParOldGen       total 112128K, used 43305K [0x0000000780000000, 0x0000000786d80000, 0x00000007d5500000)
  object space 112128K, 38% used [0x0000000780000000,0x0000000782a4a5b0,0x0000000786d80000)
 PSPermGen       total 21504K, used 6672K [0x000000077ae00000, 0x000000077c300000, 0x0000000780000000)
  object space 21504K, 31% used [0x000000077ae00000,0x000000077b484370,0x000000077c300000)
}
Event: 33.011 GC heap before
{Heap before GC invocations=8 (full 1):
 PSYoungGen      total 65024K, used 64288K [0x00000007d5500000, 0x00000007dc800000, 0x0000000800000000)
  eden space 35328K, 100% used [0x00000007d5500000,0x00000007d7780000,0x00000007d7780000)
  from space 29696K, 97% used [0x00000007d9b80000,0x00000007db7c8000,0x00000007db880000)
  to   space 36864K, 0% used [0x00000007d7780000,0x00000007d7780000,0x00000007d9b80000)
 ParOldGen       total 112128K, used 43305K [0x0000000780000000, 0x0000000786d80000, 0x00000007d5500000)
  object space 112128K, 38% used [0x0000000780000000,0x0000000782a4a5b0,0x0000000786d80000)
 PSPermGen       total 21504K, used 6682K [0x000000077ae00000, 0x000000077c300000, 0x0000000780000000)
  object space 21504K, 31% used [0x000000077ae00000,0x000000077b486828,0x000000077c300000)
Event: 33.066 GC heap after
Heap after GC invocations=8 (full 1):
 PSYoungGen      total 72192K, used 30048K [0x00000007d5500000, 0x00000007dd380000, 0x0000000800000000)
  eden space 35328K, 0% used [0x00000007d5500000,0x00000007d5500000,0x00000007d7780000)
  from space 36864K, 81% used [0x00000007d7780000,0x00000007d94d8000,0x00000007d9b80000)
  to   space 41472K, 0% used [0x00000007dab00000,0x00000007dab00000,0x00000007dd380000)
 ParOldGen       total 112128K, used 43305K [0x0000000780000000, 0x0000000786d80000, 0x00000007d5500000)
  object space 112128K, 38% used [0x0000000780000000,0x0000000782a4a5b0,0x0000000786d80000)
 PSPermGen       total 21504K, used 6682K [0x000000077ae00000, 0x000000077c300000, 0x0000000780000000)
  object space 21504K, 31% used [0x000000077ae00000,0x000000077b486828,0x000000077c300000)
}
Event: 40.149 GC heap before
{Heap before GC invocations=9 (full 1):
 PSYoungGen      total 72192K, used 65376K [0x00000007d5500000, 0x00000007dd380000, 0x0000000800000000)
  eden space 35328K, 100% used [0x00000007d5500000,0x00000007d7780000,0x00000007d7780000)
  from space 36864K, 81% used [0x00000007d7780000,0x00000007d94d8000,0x00000007d9b80000)
  to   space 41472K, 0% used [0x00000007dab00000,0x00000007dab00000,0x00000007dd380000)
 ParOldGen       total 112128K, used 43305K [0x0000000780000000, 0x0000000786d80000, 0x00000007d5500000)
  object space 112128K, 38% used [0x0000000780000000,0x0000000782a4a5b0,0x0000000786d80000)
 PSPermGen       total 21504K, used 6682K [0x000000077ae00000, 0x000000077c300000, 0x0000000780000000)
  object space 21504K, 31% used [0x000000077ae00000,0x000000077b486ad8,0x000000077c300000)
Event: 40.206 GC heap after
Heap after GC invocations=9 (full 1):
 PSYoungGen      total 84992K, used 30144K [0x00000007d5500000, 0x00000007dda00000, 0x0000000800000000)
  eden space 43520K, 0% used [0x00000007d5500000,0x00000007d5500000,0x00000007d7f80000)
  from space 41472K, 72% used [0x00000007dab00000,0x00000007dc870000,0x00000007dd380000)
  to   space 44544K, 0% used [0x00000007d7f80000,0x00000007d7f80000,0x00000007dab00000)
 ParOldGen       total 112128K, used 43305K [0x0000000780000000, 0x0000000786d80000, 0x00000007d5500000)
  object space 112128K, 38% used [0x0000000780000000,0x0000000782a4a5b0,0x0000000786d80000)
 PSPermGen       total 21504K, used 6682K [0x000000077ae00000, 0x000000077c300000, 0x0000000780000000)
  object space 21504K, 31% used [0x000000077ae00000,0x000000077b486ad8,0x000000077c300000)
}
Event: 48.941 GC heap before
{Heap before GC invocations=10 (full 1):
 PSYoungGen      total 84992K, used 73664K [0x00000007d5500000, 0x00000007dda00000, 0x0000000800000000)
  eden space 43520K, 100% used [0x00000007d5500000,0x00000007d7f80000,0x00000007d7f80000)
  from space 41472K, 72% used [0x00000007dab00000,0x00000007dc870000,0x00000007dd380000)
  to   space 44544K, 0% used [0x00000007d7f80000,0x00000007d7f80000,0x00000007dab00000)
 ParOldGen       total 112128K, used 43305K [0x0000000780000000, 0x0000000786d80000, 0x00000007d5500000)
  object space 112128K, 38% used [0x0000000780000000,0x0000000782a4a5b0,0x0000000786d80000)
 PSPermGen       total 21504K, used 6684K [0x000000077ae00000, 0x000000077c300000, 0x0000000780000000)
  object space 21504K, 31% used [0x000000077ae00000,0x000000077b487348,0x000000077c300000)
Event: 49.001 GC heap after
Heap after GC invocations=10 (full 1):
 PSYoungGen      total 88064K, used 35872K [0x00000007d5500000, 0x00000007de880000, 0x0000000800000000)
  eden space 43520K, 0% used [0x00000007d5500000,0x00000007d5500000,0x00000007d7f80000)
  from space 44544K, 80% used [0x00000007d7f80000,0x00000007da288000,0x00000007dab00000)
  to   space 49152K, 0% used [0x00000007db880000,0x00000007db880000,0x00000007de880000)
 ParOldGen       total 112128K, used 43305K [0x0000000780000000, 0x0000000786d80000, 0x00000007d5500000)
  object space 112128K, 38% used [0x0000000780000000,0x0000000782a4a5b0,0x0000000786d80000)
 PSPermGen       total 21504K, used 6684K [0x000000077ae00000, 0x000000077c300000, 0x0000000780000000)
  object space 21504K, 31% used [0x000000077ae00000,0x000000077b487348,0x000000077c300000)
}

